/Users/Coffey/.rvm/gems/ruby-2.2.0/gems/sqlite3-1.3.10/lib/sqlite3/database.rb:91:in `initialize': SQLite3::SQLException: no such table: users: SELECT "users".* FROM "users" (ActiveRecord::StatementInvalid)
	from /Users/Coffey/.rvm/gems/ruby-2.2.0/gems/sqlite3-1.3.10/lib/sqlite3/database.rb:91:in `new'
	from /Users/Coffey/.rvm/gems/ruby-2.2.0/gems/sqlite3-1.3.10/lib/sqlite3/database.rb:91:in `prepare'
	from /Users/Coffey/.rvm/gems/ruby-2.2.0@global/gems/activerecord-4.2.0/lib/active_record/connection_adapters/sqlite3_adapter.rb:300:in `block in exec_query'
	from /Users/Coffey/.rvm/gems/ruby-2.2.0@global/gems/activerecord-4.2.0/lib/active_record/connection_adapters/abstract_adapter.rb:466:in `block in log'
	from /Users/Coffey/.rvm/gems/ruby-2.2.0@global/gems/activesupport-4.2.0/lib/active_support/notifications/instrumenter.rb:20:in `instrument'
	from /Users/Coffey/.rvm/gems/ruby-2.2.0@global/gems/activerecord-4.2.0/lib/active_record/connection_adapters/abstract_adapter.rb:460:in `log'
	from /Users/Coffey/.rvm/gems/ruby-2.2.0@global/gems/activerecord-4.2.0/lib/active_record/connection_adapters/sqlite3_adapter.rb:297:in `exec_query'
	from /Users/Coffey/.rvm/gems/ruby-2.2.0@global/gems/activerecord-4.2.0/lib/active_record/connection_adapters/abstract/database_statements.rb:336:in `select'
	from /Users/Coffey/.rvm/gems/ruby-2.2.0@global/gems/activerecord-4.2.0/lib/active_record/connection_adapters/abstract/database_statements.rb:32:in `select_all'
	from /Users/Coffey/.rvm/gems/ruby-2.2.0@global/gems/activerecord-4.2.0/lib/active_record/connection_adapters/abstract/query_cache.rb:70:in `select_all'
	from /Users/Coffey/.rvm/gems/ruby-2.2.0@global/gems/activerecord-4.2.0/lib/active_record/querying.rb:39:in `find_by_sql'
	from /Users/Coffey/.rvm/gems/ruby-2.2.0@global/gems/activerecord-4.2.0/lib/active_record/relation.rb:638:in `exec_queries'
	from /Users/Coffey/.rvm/gems/ruby-2.2.0@global/gems/activerecord-4.2.0/lib/active_record/relation.rb:514:in `load'
	from /Users/Coffey/.rvm/gems/ruby-2.2.0@global/gems/activerecord-4.2.0/lib/active_record/relation.rb:243:in `to_a'
	from /Users/Coffey/.rvm/gems/ruby-2.2.0@global/gems/activerecord-4.2.0/lib/active_record/relation/delegation.rb:46:in `each'
	from /Users/Coffey/Desktop/prueba_class/app/models/user.rb:17:in `newsletter'
	from /Users/Coffey/.rvm/gems/ruby-2.2.0@global/gems/railties-4.2.0/lib/rails/commands/runner.rb:62:in `<top (required)>'
	from /Users/Coffey/.rvm/gems/ruby-2.2.0@global/gems/railties-4.2.0/lib/rails/commands/runner.rb:62:in `eval'
	from /Users/Coffey/.rvm/gems/ruby-2.2.0@global/gems/railties-4.2.0/lib/rails/commands/runner.rb:62:in `<top (required)>'
	from /Users/Coffey/.rvm/gems/ruby-2.2.0@global/gems/railties-4.2.0/lib/rails/commands/commands_tasks.rb:123:in `require'
	from /Users/Coffey/.rvm/gems/ruby-2.2.0@global/gems/railties-4.2.0/lib/rails/commands/commands_tasks.rb:123:in `require_command!'
	from /Users/Coffey/.rvm/gems/ruby-2.2.0@global/gems/railties-4.2.0/lib/rails/commands/commands_tasks.rb:90:in `runner'
	from /Users/Coffey/.rvm/gems/ruby-2.2.0@global/gems/railties-4.2.0/lib/rails/commands/commands_tasks.rb:39:in `run_command!'
	from /Users/Coffey/.rvm/gems/ruby-2.2.0@global/gems/railties-4.2.0/lib/rails/commands.rb:17:in `<top (required)>'
	from bin/rails:4:in `require'
	from bin/rails:4:in `<main>'
/Users/Coffey/.rvm/gems/ruby-2.2.0/gems/sqlite3-1.3.10/lib/sqlite3/database.rb:91:in `initialize': SQLite3::SQLException: no such table: users: SELECT "users".* FROM "users" (ActiveRecord::StatementInvalid)
	from /Users/Coffey/.rvm/gems/ruby-2.2.0/gems/sqlite3-1.3.10/lib/sqlite3/database.rb:91:in `new'
	from /Users/Coffey/.rvm/gems/ruby-2.2.0/gems/sqlite3-1.3.10/lib/sqlite3/database.rb:91:in `prepare'
	from /Users/Coffey/.rvm/gems/ruby-2.2.0@global/gems/activerecord-4.2.0/lib/active_record/connection_adapters/sqlite3_adapter.rb:300:in `block in exec_query'
	from /Users/Coffey/.rvm/gems/ruby-2.2.0@global/gems/activerecord-4.2.0/lib/active_record/connection_adapters/abstract_adapter.rb:466:in `block in log'
	from /Users/Coffey/.rvm/gems/ruby-2.2.0@global/gems/activesupport-4.2.0/lib/active_support/notifications/instrumenter.rb:20:in `instrument'
	from /Users/Coffey/.rvm/gems/ruby-2.2.0@global/gems/activerecord-4.2.0/lib/active_record/connection_adapters/abstract_adapter.rb:460:in `log'
	from /Users/Coffey/.rvm/gems/ruby-2.2.0@global/gems/activerecord-4.2.0/lib/active_record/connection_adapters/sqlite3_adapter.rb:297:in `exec_query'
	from /Users/Coffey/.rvm/gems/ruby-2.2.0@global/gems/activerecord-4.2.0/lib/active_record/connection_adapters/abstract/database_statements.rb:336:in `select'
	from /Users/Coffey/.rvm/gems/ruby-2.2.0@global/gems/activerecord-4.2.0/lib/active_record/connection_adapters/abstract/database_statements.rb:32:in `select_all'
	from /Users/Coffey/.rvm/gems/ruby-2.2.0@global/gems/activerecord-4.2.0/lib/active_record/connection_adapters/abstract/query_cache.rb:70:in `select_all'
	from /Users/Coffey/.rvm/gems/ruby-2.2.0@global/gems/activerecord-4.2.0/lib/active_record/querying.rb:39:in `find_by_sql'
	from /Users/Coffey/.rvm/gems/ruby-2.2.0@global/gems/activerecord-4.2.0/lib/active_record/relation.rb:638:in `exec_queries'
	from /Users/Coffey/.rvm/gems/ruby-2.2.0@global/gems/activerecord-4.2.0/lib/active_record/relation.rb:514:in `load'
	from /Users/Coffey/.rvm/gems/ruby-2.2.0@global/gems/activerecord-4.2.0/lib/active_record/relation.rb:243:in `to_a'
	from /Users/Coffey/.rvm/gems/ruby-2.2.0@global/gems/activerecord-4.2.0/lib/active_record/relation/delegation.rb:46:in `each'
	from /Users/Coffey/Desktop/prueba_class/app/models/user.rb:17:in `newsletter'
	from /Users/Coffey/.rvm/gems/ruby-2.2.0@global/gems/railties-4.2.0/lib/rails/commands/runner.rb:62:in `<top (required)>'
	from /Users/Coffey/.rvm/gems/ruby-2.2.0@global/gems/railties-4.2.0/lib/rails/commands/runner.rb:62:in `eval'
	from /Users/Coffey/.rvm/gems/ruby-2.2.0@global/gems/railties-4.2.0/lib/rails/commands/runner.rb:62:in `<top (required)>'
	from /Users/Coffey/.rvm/gems/ruby-2.2.0@global/gems/railties-4.2.0/lib/rails/commands/commands_tasks.rb:123:in `require'
	from /Users/Coffey/.rvm/gems/ruby-2.2.0@global/gems/railties-4.2.0/lib/rails/commands/commands_tasks.rb:123:in `require_command!'
	from /Users/Coffey/.rvm/gems/ruby-2.2.0@global/gems/railties-4.2.0/lib/rails/commands/commands_tasks.rb:90:in `runner'
	from /Users/Coffey/.rvm/gems/ruby-2.2.0@global/gems/railties-4.2.0/lib/rails/commands/commands_tasks.rb:39:in `run_command!'
	from /Users/Coffey/.rvm/gems/ruby-2.2.0@global/gems/railties-4.2.0/lib/rails/commands.rb:17:in `<top (required)>'
	from bin/rails:4:in `require'
	from bin/rails:4:in `<main>'
/Users/Coffey/.rvm/gems/ruby-2.2.0/gems/sqlite3-1.3.10/lib/sqlite3/database.rb:91:in `initialize': SQLite3::SQLException: no such table: users: SELECT "users".* FROM "users" (ActiveRecord::StatementInvalid)
	from /Users/Coffey/.rvm/gems/ruby-2.2.0/gems/sqlite3-1.3.10/lib/sqlite3/database.rb:91:in `new'
	from /Users/Coffey/.rvm/gems/ruby-2.2.0/gems/sqlite3-1.3.10/lib/sqlite3/database.rb:91:in `prepare'
	from /Users/Coffey/.rvm/gems/ruby-2.2.0@global/gems/activerecord-4.2.0/lib/active_record/connection_adapters/sqlite3_adapter.rb:300:in `block in exec_query'
	from /Users/Coffey/.rvm/gems/ruby-2.2.0@global/gems/activerecord-4.2.0/lib/active_record/connection_adapters/abstract_adapter.rb:466:in `block in log'
	from /Users/Coffey/.rvm/gems/ruby-2.2.0@global/gems/activesupport-4.2.0/lib/active_support/notifications/instrumenter.rb:20:in `instrument'
	from /Users/Coffey/.rvm/gems/ruby-2.2.0@global/gems/activerecord-4.2.0/lib/active_record/connection_adapters/abstract_adapter.rb:460:in `log'
	from /Users/Coffey/.rvm/gems/ruby-2.2.0@global/gems/activerecord-4.2.0/lib/active_record/connection_adapters/sqlite3_adapter.rb:297:in `exec_query'
	from /Users/Coffey/.rvm/gems/ruby-2.2.0@global/gems/activerecord-4.2.0/lib/active_record/connection_adapters/abstract/database_statements.rb:336:in `select'
	from /Users/Coffey/.rvm/gems/ruby-2.2.0@global/gems/activerecord-4.2.0/lib/active_record/connection_adapters/abstract/database_statements.rb:32:in `select_all'
	from /Users/Coffey/.rvm/gems/ruby-2.2.0@global/gems/activerecord-4.2.0/lib/active_record/connection_adapters/abstract/query_cache.rb:70:in `select_all'
	from /Users/Coffey/.rvm/gems/ruby-2.2.0@global/gems/activerecord-4.2.0/lib/active_record/querying.rb:39:in `find_by_sql'
	from /Users/Coffey/.rvm/gems/ruby-2.2.0@global/gems/activerecord-4.2.0/lib/active_record/relation.rb:638:in `exec_queries'
	from /Users/Coffey/.rvm/gems/ruby-2.2.0@global/gems/activerecord-4.2.0/lib/active_record/relation.rb:514:in `load'
	from /Users/Coffey/.rvm/gems/ruby-2.2.0@global/gems/activerecord-4.2.0/lib/active_record/relation.rb:243:in `to_a'
	from /Users/Coffey/.rvm/gems/ruby-2.2.0@global/gems/activerecord-4.2.0/lib/active_record/relation/delegation.rb:46:in `each'
	from /Users/Coffey/Desktop/prueba_class/app/models/user.rb:17:in `newsletter'
	from /Users/Coffey/.rvm/gems/ruby-2.2.0@global/gems/railties-4.2.0/lib/rails/commands/runner.rb:62:in `<top (required)>'
	from /Users/Coffey/.rvm/gems/ruby-2.2.0@global/gems/railties-4.2.0/lib/rails/commands/runner.rb:62:in `eval'
	from /Users/Coffey/.rvm/gems/ruby-2.2.0@global/gems/railties-4.2.0/lib/rails/commands/runner.rb:62:in `<top (required)>'
	from /Users/Coffey/.rvm/gems/ruby-2.2.0@global/gems/railties-4.2.0/lib/rails/commands/commands_tasks.rb:123:in `require'
	from /Users/Coffey/.rvm/gems/ruby-2.2.0@global/gems/railties-4.2.0/lib/rails/commands/commands_tasks.rb:123:in `require_command!'
	from /Users/Coffey/.rvm/gems/ruby-2.2.0@global/gems/railties-4.2.0/lib/rails/commands/commands_tasks.rb:90:in `runner'
	from /Users/Coffey/.rvm/gems/ruby-2.2.0@global/gems/railties-4.2.0/lib/rails/commands/commands_tasks.rb:39:in `run_command!'
	from /Users/Coffey/.rvm/gems/ruby-2.2.0@global/gems/railties-4.2.0/lib/rails/commands.rb:17:in `<top (required)>'
	from bin/rails:4:in `require'
	from bin/rails:4:in `<main>'
/Users/Coffey/.rvm/gems/ruby-2.2.0/gems/sqlite3-1.3.10/lib/sqlite3/database.rb:91:in `initialize': SQLite3::SQLException: no such table: users: SELECT "users".* FROM "users" (ActiveRecord::StatementInvalid)
	from /Users/Coffey/.rvm/gems/ruby-2.2.0/gems/sqlite3-1.3.10/lib/sqlite3/database.rb:91:in `new'
	from /Users/Coffey/.rvm/gems/ruby-2.2.0/gems/sqlite3-1.3.10/lib/sqlite3/database.rb:91:in `prepare'
	from /Users/Coffey/.rvm/gems/ruby-2.2.0@global/gems/activerecord-4.2.0/lib/active_record/connection_adapters/sqlite3_adapter.rb:300:in `block in exec_query'
	from /Users/Coffey/.rvm/gems/ruby-2.2.0@global/gems/activerecord-4.2.0/lib/active_record/connection_adapters/abstract_adapter.rb:466:in `block in log'
	from /Users/Coffey/.rvm/gems/ruby-2.2.0@global/gems/activesupport-4.2.0/lib/active_support/notifications/instrumenter.rb:20:in `instrument'
	from /Users/Coffey/.rvm/gems/ruby-2.2.0@global/gems/activerecord-4.2.0/lib/active_record/connection_adapters/abstract_adapter.rb:460:in `log'
	from /Users/Coffey/.rvm/gems/ruby-2.2.0@global/gems/activerecord-4.2.0/lib/active_record/connection_adapters/sqlite3_adapter.rb:297:in `exec_query'
	from /Users/Coffey/.rvm/gems/ruby-2.2.0@global/gems/activerecord-4.2.0/lib/active_record/connection_adapters/abstract/database_statements.rb:336:in `select'
	from /Users/Coffey/.rvm/gems/ruby-2.2.0@global/gems/activerecord-4.2.0/lib/active_record/connection_adapters/abstract/database_statements.rb:32:in `select_all'
	from /Users/Coffey/.rvm/gems/ruby-2.2.0@global/gems/activerecord-4.2.0/lib/active_record/connection_adapters/abstract/query_cache.rb:70:in `select_all'
	from /Users/Coffey/.rvm/gems/ruby-2.2.0@global/gems/activerecord-4.2.0/lib/active_record/querying.rb:39:in `find_by_sql'
	from /Users/Coffey/.rvm/gems/ruby-2.2.0@global/gems/activerecord-4.2.0/lib/active_record/relation.rb:638:in `exec_queries'
	from /Users/Coffey/.rvm/gems/ruby-2.2.0@global/gems/activerecord-4.2.0/lib/active_record/relation.rb:514:in `load'
	from /Users/Coffey/.rvm/gems/ruby-2.2.0@global/gems/activerecord-4.2.0/lib/active_record/relation.rb:243:in `to_a'
	from /Users/Coffey/.rvm/gems/ruby-2.2.0@global/gems/activerecord-4.2.0/lib/active_record/relation/delegation.rb:46:in `each'
	from /Users/Coffey/Desktop/prueba_class/app/models/user.rb:17:in `newsletter'
	from /Users/Coffey/.rvm/gems/ruby-2.2.0@global/gems/railties-4.2.0/lib/rails/commands/runner.rb:62:in `<top (required)>'
	from /Users/Coffey/.rvm/gems/ruby-2.2.0@global/gems/railties-4.2.0/lib/rails/commands/runner.rb:62:in `eval'
	from /Users/Coffey/.rvm/gems/ruby-2.2.0@global/gems/railties-4.2.0/lib/rails/commands/runner.rb:62:in `<top (required)>'
	from /Users/Coffey/.rvm/gems/ruby-2.2.0@global/gems/railties-4.2.0/lib/rails/commands/commands_tasks.rb:123:in `require'
	from /Users/Coffey/.rvm/gems/ruby-2.2.0@global/gems/railties-4.2.0/lib/rails/commands/commands_tasks.rb:123:in `require_command!'
	from /Users/Coffey/.rvm/gems/ruby-2.2.0@global/gems/railties-4.2.0/lib/rails/commands/commands_tasks.rb:90:in `runner'
	from /Users/Coffey/.rvm/gems/ruby-2.2.0@global/gems/railties-4.2.0/lib/rails/commands/commands_tasks.rb:39:in `run_command!'
	from /Users/Coffey/.rvm/gems/ruby-2.2.0@global/gems/railties-4.2.0/lib/rails/commands.rb:17:in `<top (required)>'
	from bin/rails:4:in `require'
	from bin/rails:4:in `<main>'
/Users/Coffey/.rvm/gems/ruby-2.2.0/gems/sqlite3-1.3.10/lib/sqlite3/database.rb:91:in `initialize': SQLite3::SQLException: no such table: users: SELECT "users".* FROM "users" (ActiveRecord::StatementInvalid)
	from /Users/Coffey/.rvm/gems/ruby-2.2.0/gems/sqlite3-1.3.10/lib/sqlite3/database.rb:91:in `new'
	from /Users/Coffey/.rvm/gems/ruby-2.2.0/gems/sqlite3-1.3.10/lib/sqlite3/database.rb:91:in `prepare'
	from /Users/Coffey/.rvm/gems/ruby-2.2.0@global/gems/activerecord-4.2.0/lib/active_record/connection_adapters/sqlite3_adapter.rb:300:in `block in exec_query'
	from /Users/Coffey/.rvm/gems/ruby-2.2.0@global/gems/activerecord-4.2.0/lib/active_record/connection_adapters/abstract_adapter.rb:466:in `block in log'
	from /Users/Coffey/.rvm/gems/ruby-2.2.0@global/gems/activesupport-4.2.0/lib/active_support/notifications/instrumenter.rb:20:in `instrument'
	from /Users/Coffey/.rvm/gems/ruby-2.2.0@global/gems/activerecord-4.2.0/lib/active_record/connection_adapters/abstract_adapter.rb:460:in `log'
	from /Users/Coffey/.rvm/gems/ruby-2.2.0@global/gems/activerecord-4.2.0/lib/active_record/connection_adapters/sqlite3_adapter.rb:297:in `exec_query'
	from /Users/Coffey/.rvm/gems/ruby-2.2.0@global/gems/activerecord-4.2.0/lib/active_record/connection_adapters/abstract/database_statements.rb:336:in `select'
	from /Users/Coffey/.rvm/gems/ruby-2.2.0@global/gems/activerecord-4.2.0/lib/active_record/connection_adapters/abstract/database_statements.rb:32:in `select_all'
	from /Users/Coffey/.rvm/gems/ruby-2.2.0@global/gems/activerecord-4.2.0/lib/active_record/connection_adapters/abstract/query_cache.rb:70:in `select_all'
	from /Users/Coffey/.rvm/gems/ruby-2.2.0@global/gems/activerecord-4.2.0/lib/active_record/querying.rb:39:in `find_by_sql'
	from /Users/Coffey/.rvm/gems/ruby-2.2.0@global/gems/activerecord-4.2.0/lib/active_record/relation.rb:638:in `exec_queries'
	from /Users/Coffey/.rvm/gems/ruby-2.2.0@global/gems/activerecord-4.2.0/lib/active_record/relation.rb:514:in `load'
	from /Users/Coffey/.rvm/gems/ruby-2.2.0@global/gems/activerecord-4.2.0/lib/active_record/relation.rb:243:in `to_a'
	from /Users/Coffey/.rvm/gems/ruby-2.2.0@global/gems/activerecord-4.2.0/lib/active_record/relation/delegation.rb:46:in `each'
	from /Users/Coffey/Desktop/prueba_class/app/models/user.rb:17:in `newsletter'
	from /Users/Coffey/.rvm/gems/ruby-2.2.0@global/gems/railties-4.2.0/lib/rails/commands/runner.rb:62:in `<top (required)>'
	from /Users/Coffey/.rvm/gems/ruby-2.2.0@global/gems/railties-4.2.0/lib/rails/commands/runner.rb:62:in `eval'
	from /Users/Coffey/.rvm/gems/ruby-2.2.0@global/gems/railties-4.2.0/lib/rails/commands/runner.rb:62:in `<top (required)>'
	from /Users/Coffey/.rvm/gems/ruby-2.2.0@global/gems/railties-4.2.0/lib/rails/commands/commands_tasks.rb:123:in `require'
	from /Users/Coffey/.rvm/gems/ruby-2.2.0@global/gems/railties-4.2.0/lib/rails/commands/commands_tasks.rb:123:in `require_command!'
	from /Users/Coffey/.rvm/gems/ruby-2.2.0@global/gems/railties-4.2.0/lib/rails/commands/commands_tasks.rb:90:in `runner'
	from /Users/Coffey/.rvm/gems/ruby-2.2.0@global/gems/railties-4.2.0/lib/rails/commands/commands_tasks.rb:39:in `run_command!'
	from /Users/Coffey/.rvm/gems/ruby-2.2.0@global/gems/railties-4.2.0/lib/rails/commands.rb:17:in `<top (required)>'
	from bin/rails:4:in `require'
	from bin/rails:4:in `<main>'
